<?xml version="1.0" encoding="UTF-8"?>
<!-- Generated by org.testng.reporters.JUnitReportReporter -->
<testsuite hostname="ddyachenko-pc" failures="0" tests="1" name="searchTest" time="29.850" errors="0" timestamp="07 Dec 2018 19:16:43 GMT" skipped="0">
  <testcase classname="searchTest" name="searchTest" time="29.850"/>
</testsuite> <!-- searchTest -->
